0	07:32:33.121	Compiling 'MACD Sample'
0	07:32:33.121	Compiling 'Moving Average'
0	07:32:35.058	Compiling 'Accelerator'
0	07:32:35.058	Compiling 'Accumulation'
0	07:32:35.058	Compiling 'Alligator'
0	07:32:35.058	Compiling 'ATR'
0	07:32:35.058	Compiling 'Awesome'
0	07:32:35.058	Compiling 'Bands'
0	07:32:35.058	Compiling 'Bears'
0	07:32:35.058	Compiling 'Bulls'
0	07:32:35.058	Compiling 'CCI'
0	07:32:35.058	Compiling 'Custom Moving Averages'
0	07:32:35.058	Compiling 'Heiken Ashi'
0	07:32:35.058	Compiling 'Ichimoku'
0	07:32:35.058	Compiling 'iExposure'
0	07:32:35.058	Compiling 'MACD'
0	07:32:35.058	Compiling 'Momentum'
0	07:32:35.058	Compiling 'OsMA'
0	07:32:35.058	Compiling 'Parabolic'
0	07:32:35.058	Compiling 'RSI'
0	07:32:35.058	Compiling 'Stochastic'
0	07:32:35.058	Compiling 'ZigZag'
0	07:32:35.058	Compiling 'SimplePanel'
0	07:32:46.370	Compiling 'PeriodConverter'
0	07:32:46.386	Compiling 'DLLSampleTester'
0	07:32:46.386	Compiling 'PipeClient'
0	07:32:46.386	Compiling 'PipeClientPure'
0	07:32:48.573	Compiling 'stdlib'
0	09:06:23.600	Custom indicator _Custom\Duto\duto_chart_indicators_v0.5 EURUSD,H4: loaded successfully
0	09:06:23.647	Custom indicator _Custom\Duto\macd_color_indicator_plot1_v0.9 EURUSD,H4: loaded successfully
0	09:06:23.679	duto_chart_indicators_v0.5 EURUSD,H4: initialized
0	09:06:23.741	macd_color_indicator_plot1_v0.9 EURUSD,H4: 6
0	09:06:23.741	macd_color_indicator_plot1_v0.9 EURUSD,H4: plot 1 indicator init()
0	09:06:23.741	macd_color_indicator_plot1_v0.9 EURUSD,H4: initialized
0	09:33:24.913	Custom indicator _Custom\Duto\duto_chart_indicators_v0.5 EURUSD,H1: loaded successfully
0	09:33:24.945	Custom indicator _Custom\Duto\macd_color_indicator_plot1_v0.9 EURUSD,H1: loaded successfully
0	09:33:24.960	duto_chart_indicators_v0.5 EURUSD,H1: initialized
0	09:33:25.023	macd_color_indicator_plot1_v0.9 EURUSD,H1: 6
0	09:33:25.023	macd_color_indicator_plot1_v0.9 EURUSD,H1: plot 1 indicator init()
0	09:33:25.023	macd_color_indicator_plot1_v0.9 EURUSD,H1: initialized
0	09:33:30.177	duto_chart_indicators_v0.5 EURUSD,H4: uninit reason 4
0	09:33:30.177	macd_color_indicator_plot1_v0.9 EURUSD,H4: uninit reason 4
0	09:33:30.177	Custom indicator duto_chart_indicators_v0.5 EURUSD,H4: removed
0	09:33:30.193	Custom indicator macd_color_indicator_plot1_v0.9 EURUSD,H4: removed
0	09:33:57.453	Custom indicator _Custom\Duto\duto_chart_indicators_v0.5 EURUSD,H1: loaded successfully
0	09:33:57.484	Custom indicator _Custom\Duto\macd_color_indicator_plot1_v0.9 EURUSD,H1: loaded successfully
0	09:33:57.500	duto_chart_indicators_v0.5 EURUSD,H1: initialized
0	09:33:57.562	macd_color_indicator_plot1_v0.9 EURUSD,H1: 6
0	09:33:57.562	macd_color_indicator_plot1_v0.9 EURUSD,H1: plot 1 indicator init()
0	09:33:57.562	macd_color_indicator_plot1_v0.9 EURUSD,H1: initialized
0	09:34:00.780	duto_chart_indicators_v0.5 EURUSD,H1: uninit reason 4
0	09:34:00.780	macd_color_indicator_plot1_v0.9 EURUSD,H1: uninit reason 4
0	09:34:00.795	Custom indicator duto_chart_indicators_v0.5 EURUSD,H1: removed
0	09:34:00.795	Custom indicator macd_color_indicator_plot1_v0.9 EURUSD,H1: removed
0	09:35:16.460	duto_chart_indicators_v0.5 EURUSD,H1: uninit reason 9
0	09:35:16.460	macd_color_indicator_plot1_v0.9 EURUSD,H1: uninit reason 9
0	09:35:16.635	Custom indicator duto_chart_indicators_v0.5 EURUSD,H1: removed
0	09:35:16.645	Custom indicator macd_color_indicator_plot1_v0.9 EURUSD,H1: removed
0	09:35:33.011	Compiling 'Duto_v01'
0	09:35:34.120	Compiling 'Color Levels'
0	09:35:34.120	Compiling 'Delta Trend_v1 6006__1'
0	09:35:34.120	Compiling 'macd_color_indicator_plot1_v0.9'
0	09:35:34.120	Compiling 'Delta_v0.1'
0	09:35:34.120	Compiling 'duto_chart_indicators_v0.1'
0	09:35:34.136	Compiling 'duto_chart_indicators_v0.3'
0	09:35:34.136	Compiling 'duto_mas'
0	09:35:34.136	Compiling 'macd_color_indicator_plot1_inw'
0	09:35:34.136	Compiling 'macd_color_indicator_plot1_v0.7'
0	09:35:34.136	Compiling 'macd-color-indicator-pl2'
0	09:35:34.136	Compiling 'macd-color-indicator-pl3'
0	09:35:34.136	Compiling 'macd-color-indicator-pl4'
0	09:35:34.136	Compiling 'macd-color-indicator-pl3'
0	09:35:34.136	Compiling 'macd-color-indicator-pl4'
0	09:35:42.963	Custom indicator _Custom\Duto\duto_chart_indicators_v0.5 EURUSD,H1: loaded successfully
0	09:35:43.010	Custom indicator _Custom\Duto\macd_color_indicator_plot1_v0.9 EURUSD,H1: loaded successfully
0	09:35:43.072	duto_chart_indicators_v0.5 EURUSD,H1: initialized
0	09:35:43.150	macd_color_indicator_plot1_v0.9 EURUSD,H1: 6
0	09:35:43.150	macd_color_indicator_plot1_v0.9 EURUSD,H1: plot 1 indicator init()
0	09:35:43.150	macd_color_indicator_plot1_v0.9 EURUSD,H1: initialized
